Using pre-set license
Built from '2020.3/staging' branch; Version is '2020.3.13f1 (71691879b7f5) revision 7432472'; Using compiler version '192528614'; Build Type 'Release'
OS: 'Windows 10 Home; OS build 19042.1288; Version 2009; 64bit' Language: 'en' Physical Memory: 16245 MB
BatchMode: 1, IsHumanControllingUs: 0, StartBugReporterOnCrash: 0, Is64bit: 1, IsPro: 0

 COMMAND LINE ARGUMENTS:
C:\Program Files\Unity\Hub\Editor\2020.3.13f1\Editor\Unity.exe
-adb2
-batchMode
-noUpm
-name
AssetImportWorker0
-projectPath
C:/Users/itsme/Desktop/New Unity Project 4
-logFile
Logs/AssetImportWorker0.log
-srvPort
49250
Successfully changed project path to: C:/Users/itsme/Desktop/New Unity Project 4
C:/Users/itsme/Desktop/New Unity Project 4
Using Asset Import Pipeline V2.
Refreshing native plugins compatible for Editor in 49.00 ms, found 3 plugins.
Preloading 0 native plugins for Editor in 0.00 ms.
Initialize engine version: 2020.3.13f1 (71691879b7f5)
[Subsystems] Discovering subsystems at path C:/Program Files/Unity/Hub/Editor/2020.3.13f1/Editor/Data/Resources/UnitySubsystems
[Subsystems] Discovering subsystems at path C:/Users/itsme/Desktop/New Unity Project 4/Assets
GfxDevice: creating device client; threaded=0
Direct3D:
    Version:  Direct3D 11.0 [level 11.1]
    Renderer: Intel(R) UHD Graphics (ID=0x9bc4)
    Vendor:   
    VRAM:     8122 MB
    Driver:   26.20.100.7642
Initialize mono
Mono path[0] = 'C:/Program Files/Unity/Hub/Editor/2020.3.13f1/Editor/Data/Managed'
Mono path[1] = 'C:/Program Files/Unity/Hub/Editor/2020.3.13f1/Editor/Data/MonoBleedingEdge/lib/mono/unityjit'
Mono config path = 'C:/Program Files/Unity/Hub/Editor/2020.3.13f1/Editor/Data/MonoBleedingEdge/etc'
Using monoOptions --debugger-agent=transport=dt_socket,embedding=1,server=y,suspend=n,address=127.0.0.1:56832
Begin MonoManager ReloadAssembly
Registering precompiled unity dll's ...
Register platform support module: C:/Program Files/Unity/Hub/Editor/2020.3.13f1/Editor/Data/PlaybackEngines/WebGLSupport/UnityEditor.WebGL.Extensions.dll
Register platform support module: C:/Program Files/Unity/Hub/Editor/2020.3.13f1/Editor/Data/PlaybackEngines/WindowsStandaloneSupport/UnityEditor.WindowsStandalone.Extensions.dll
Registered in 0.001749 seconds.
Native extension for WindowsStandalone target not found
Native extension for WebGL target not found
Refreshing native plugins compatible for Editor in 45.68 ms, found 3 plugins.
Preloading 0 native plugins for Editor in 0.00 ms.
Mono: successfully reloaded assembly
- Completed reload, in  0.858 seconds
Platform modules already initialized, skipping
Registering precompiled user dll's ...
Registered in 0.005554 seconds.
Begin MonoManager ReloadAssembly
Native extension for WindowsStandalone target not found
Native extension for WebGL target not found
Refreshing native plugins compatible for Editor in 45.99 ms, found 3 plugins.
Preloading 0 native plugins for Editor in 0.00 ms.
Mono: successfully reloaded assembly
- Completed reload, in  1.548 seconds
Platform modules already initialized, skipping
========================================================================
Worker process is ready to serve import requests
Launched and connected shader compiler UnityShaderCompiler.exe after 0.03 seconds
Refreshing native plugins compatible for Editor in 0.57 ms, found 3 plugins.
Preloading 0 native plugins for Editor in 0.00 ms.
Unloading 2758 Unused Serialized files (Serialized files now loaded: 0)
System memory in use before: 126.9 MB.
System memory in use after: 127.0 MB.

Unloading 34 unused Assets to reduce memory usage. Loaded Objects now: 3186.
Total: 3.036300 ms (FindLiveObjects: 0.237800 ms CreateObjectMapping: 0.113500 ms MarkObjects: 2.617800 ms  DeleteObjects: 0.066500 ms)

AssetImportParameters requested are different than current active one (requested -> active):
  custom:framework-win-MediaFoundation: 216162199b28c13a410421893ffa2e32 -> 
  custom:video-decoder-ogg-theora: a1e56fd34408186e4bbccfd4996cb3dc -> 
  custom:container-muxer-webm: aa71ff27fc2769a1b78a27578f13a17b -> 
  custom:container-demuxer-webm: 4f35f7cbe854078d1ac9338744f61a02 -> 
  custom:container-demuxer-ogg: 62fdf1f143b41e24485cea50d1cbac27 -> 
  custom:video-encoder-webm-vp8: eb34c28f22e8b96e1ab97ce403110664 -> 
  custom:video-decoder-webm-vp8: 9c59270c3fd7afecdb556c50c9e8de78 -> 
  custom:audio-decoder-ogg-vorbis: bf7c407c2cedff20999df2af8eb42d56 -> 
  custom:audio-encoder-webm-vorbis: bf7c407c2cedff20999df2af8eb42d56 -> 
========================================================================
Received Import Request.
  path: Assets/Karting/Scripts/KartSystems/Inputs
  artifactKey: Guid(388d7848cc7573948929116b48eda9bd) Importer(815301076,1909f56bfc062723c751e8b465ee728b)
Start importing Assets/Karting/Scripts/KartSystems/Inputs using Guid(388d7848cc7573948929116b48eda9bd) Importer(815301076,1909f56bfc062723c751e8b465ee728b)  -> (artifact id: 'dcfbe44dcdc1b7bf2a17299408b651e8') in 0.010156 seconds 
  Import took 0.013793 seconds .

========================================================================
Received Import Request.
  Time since last request: 0.000273 seconds.
  path: Assets/Karting/Scripts/KartSystems/Inputs/KeyboardInput.cs
  artifactKey: Guid(7f292ffb948323c49ac31e54ff737ea2) Importer(815301076,1909f56bfc062723c751e8b465ee728b)
Start importing Assets/Karting/Scripts/KartSystems/Inputs/KeyboardInput.cs using Guid(7f292ffb948323c49ac31e54ff737ea2) Importer(815301076,1909f56bfc062723c751e8b465ee728b)  -> (artifact id: 'a3f7fde36af1392d168bfa69dd5e131c') in 0.068521 seconds 
  Import took 0.075887 seconds .

========================================================================
Received Import Request.
  Time since last request: 8.279185 seconds.
  path: Assets/Karting/Scripts/KartSystems/Inputs/BaseInput.cs
  artifactKey: Guid(7a15cc26383ce5a47b722077c945de4a) Importer(815301076,1909f56bfc062723c751e8b465ee728b)
Start importing Assets/Karting/Scripts/KartSystems/Inputs/BaseInput.cs using Guid(7a15cc26383ce5a47b722077c945de4a) Importer(815301076,1909f56bfc062723c751e8b465ee728b)  -> (artifact id: '5536e3194dfe98e10dc89b8be77e825e') in 0.018713 seconds 
  Import took 0.030179 seconds .

========================================================================
Received Import Request.
  Time since last request: 0.002548 seconds.
  path: Assets/Karting/Scripts/KartSystems/Inputs/BaseInput.cs
  artifactKey: Guid(7a15cc26383ce5a47b722077c945de4a) Importer(815301076,1909f56bfc062723c751e8b465ee728b)
Start importing Assets/Karting/Scripts/KartSystems/Inputs/BaseInput.cs using Guid(7a15cc26383ce5a47b722077c945de4a) Importer(815301076,1909f56bfc062723c751e8b465ee728b)  -> (artifact id: '5536e3194dfe98e10dc89b8be77e825e') in 0.005797 seconds 
  Import took 0.015569 seconds .

========================================================================
Received Import Request.
  Time since last request: 17.453539 seconds.
  path: Assets/Karting/Scripts/KartSystems/KartAudio/ArcadeEngineAudio.cs
  artifactKey: Guid(b89c56c8416934ca890956c349423cc8) Importer(815301076,1909f56bfc062723c751e8b465ee728b)
Start importing Assets/Karting/Scripts/KartSystems/KartAudio/ArcadeEngineAudio.cs using Guid(b89c56c8416934ca890956c349423cc8) Importer(815301076,1909f56bfc062723c751e8b465ee728b)  -> (artifact id: '34f16212cfaede1bc12c68c88c44dec7') in 0.019225 seconds 
  Import took 0.030769 seconds .

========================================================================
Received Import Request.
  Time since last request: 0.011229 seconds.
  path: Assets/Karting/Scripts/KartSystems/KartAudio/ArcadeEngineAudio.cs
  artifactKey: Guid(b89c56c8416934ca890956c349423cc8) Importer(815301076,1909f56bfc062723c751e8b465ee728b)
Start importing Assets/Karting/Scripts/KartSystems/KartAudio/ArcadeEngineAudio.cs using Guid(b89c56c8416934ca890956c349423cc8) Importer(815301076,1909f56bfc062723c751e8b465ee728b)  -> (artifact id: '34f16212cfaede1bc12c68c88c44dec7') in 0.005773 seconds 
  Import took 0.017263 seconds .

========================================================================
Received Import Request.
  Time since last request: 4.157337 seconds.
  path: Assets/Karting/Scripts/KartSystems/KartAudio/EngineAudio.cs
  artifactKey: Guid(5a8d3b9b9ede9455fb5b3aa0b44ed515) Importer(815301076,1909f56bfc062723c751e8b465ee728b)
Start importing Assets/Karting/Scripts/KartSystems/KartAudio/EngineAudio.cs using Guid(5a8d3b9b9ede9455fb5b3aa0b44ed515) Importer(815301076,1909f56bfc062723c751e8b465ee728b)  -> (artifact id: '9ec7c4888954b7bcf470a824051b39f3') in 0.015674 seconds 
  Import took 0.027200 seconds .

========================================================================
Received Import Request.
  Time since last request: 0.012288 seconds.
  path: Assets/Karting/Scripts/KartSystems/KartAudio/EngineAudio.cs
  artifactKey: Guid(5a8d3b9b9ede9455fb5b3aa0b44ed515) Importer(815301076,1909f56bfc062723c751e8b465ee728b)
Start importing Assets/Karting/Scripts/KartSystems/KartAudio/EngineAudio.cs using Guid(5a8d3b9b9ede9455fb5b3aa0b44ed515) Importer(815301076,1909f56bfc062723c751e8b465ee728b)  -> (artifact id: '9ec7c4888954b7bcf470a824051b39f3') in 0.003558 seconds 
  Import took 0.010818 seconds .

========================================================================
Received Import Request.
  Time since last request: 4.685626 seconds.
  path: Assets/Karting/Scripts/KartSystems/KartAudio/EngineAudio.Stroke.cs
  artifactKey: Guid(0640bbd2b878a4d168505f3ed4c32fd4) Importer(815301076,1909f56bfc062723c751e8b465ee728b)
Start importing Assets/Karting/Scripts/KartSystems/KartAudio/EngineAudio.Stroke.cs using Guid(0640bbd2b878a4d168505f3ed4c32fd4) Importer(815301076,1909f56bfc062723c751e8b465ee728b)  -> (artifact id: '08ca7ee45613decf4cdc915435ce8b73') in 0.016697 seconds 
  Import took 0.028701 seconds .

========================================================================
Received Import Request.
  Time since last request: 0.004313 seconds.
  path: Assets/Karting/Scripts/KartSystems/KartAudio/EngineAudio.Stroke.cs
  artifactKey: Guid(0640bbd2b878a4d168505f3ed4c32fd4) Importer(815301076,1909f56bfc062723c751e8b465ee728b)
Start importing Assets/Karting/Scripts/KartSystems/KartAudio/EngineAudio.Stroke.cs using Guid(0640bbd2b878a4d168505f3ed4c32fd4) Importer(815301076,1909f56bfc062723c751e8b465ee728b)  -> (artifact id: '08ca7ee45613decf4cdc915435ce8b73') in 0.005763 seconds 
  Import took 0.017288 seconds .

========================================================================
Received Prepare
Refreshing native plugins compatible for Editor in 176.52 ms, found 3 plugins.
Preloading 0 native plugins for Editor in 0.00 ms.
Unloading 26 Unused Serialized files (Serialized files now loaded: 0)
System memory in use before: 67.9 MB.
System memory in use after: 68.1 MB.

Unloading 26 unused Assets to reduce memory usage. Loaded Objects now: 3186.
Total: 4.431700 ms (FindLiveObjects: 0.251600 ms CreateObjectMapping: 0.112600 ms MarkObjects: 3.786700 ms  DeleteObjects: 0.078600 ms)

AssetImportParameters requested are different than current active one (requested -> active):
  custom:framework-win-MediaFoundation: 216162199b28c13a410421893ffa2e32 -> 
  custom:video-decoder-ogg-theora: a1e56fd34408186e4bbccfd4996cb3dc -> 
  custom:container-muxer-webm: aa71ff27fc2769a1b78a27578f13a17b -> 
  custom:container-demuxer-webm: 4f35f7cbe854078d1ac9338744f61a02 -> 
  custom:container-demuxer-ogg: 62fdf1f143b41e24485cea50d1cbac27 -> 
  custom:video-encoder-webm-vp8: eb34c28f22e8b96e1ab97ce403110664 -> 
  custom:video-decoder-webm-vp8: 9c59270c3fd7afecdb556c50c9e8de78 -> 
  custom:audio-decoder-ogg-vorbis: bf7c407c2cedff20999df2af8eb42d56 -> 
  custom:audio-encoder-webm-vorbis: bf7c407c2cedff20999df2af8eb42d56 -> 
========================================================================
Received Import Request.
  Time since last request: 22233.115700 seconds.
  path: Assets/Mod Assets/3DProps/NatureProps/Cactus.fbx
  artifactKey: Guid(abd8d6df37cf14c4485291b3d13cd460) Importer(815301076,1909f56bfc062723c751e8b465ee728b)
Start importing Assets/Mod Assets/3DProps/NatureProps/Cactus.fbx using Guid(abd8d6df37cf14c4485291b3d13cd460) Importer(815301076,1909f56bfc062723c751e8b465ee728b)  -> (artifact id: '8d587ed6715c7885031c4bf2369c771c') in 0.140341 seconds 
  Import took 0.144461 seconds .

========================================================================
Received Import Request.
  Time since last request: 0.000239 seconds.
  path: Assets/Karting/ModularTrackKit/Prefabs/ModularTrackCantSmallRight.prefab
  artifactKey: Guid(d1fedb17811a845a798a9217e0dbc9aa) Importer(815301076,1909f56bfc062723c751e8b465ee728b)
Start importing Assets/Karting/ModularTrackKit/Prefabs/ModularTrackCantSmallRight.prefab using Guid(d1fedb17811a845a798a9217e0dbc9aa) Importer(815301076,1909f56bfc062723c751e8b465ee728b)  -> (artifact id: '8ea3180ff0b5eb7037d1859b2a2b3a89') in 0.056121 seconds 
  Import took 0.059842 seconds .

========================================================================
Received Import Request.
  Time since last request: 0.000154 seconds.
  path: Assets/Mod Assets/ModResources/Fonts/CormorantUnicase-Regular SDF.asset
  artifactKey: Guid(ba62bccd3bc0142bc9a0bc1addeaadce) Importer(815301076,1909f56bfc062723c751e8b465ee728b)
Start importing Assets/Mod Assets/ModResources/Fonts/CormorantUnicase-Regular SDF.asset using Guid(ba62bccd3bc0142bc9a0bc1addeaadce) Importer(815301076,1909f56bfc062723c751e8b465ee728b)  -> (artifact id: '8fa13d2bde3f1d5d38623fa63de38bee') in 0.059938 seconds 
  Import took 0.063528 seconds .

========================================================================
Received Import Request.
  Time since last request: 0.000142 seconds.
  path: Assets/Karting/Audio/UI/Notification_End.wav
  artifactKey: Guid(a533219934975884e81c1add37af9930) Importer(815301076,1909f56bfc062723c751e8b465ee728b)
Start importing Assets/Karting/Audio/UI/Notification_End.wav using Guid(a533219934975884e81c1add37af9930) Importer(815301076,1909f56bfc062723c751e8b465ee728b)  -> (artifact id: '248d18480a1522b28af187d838e91b98') in 0.024595 seconds 
  Import took 0.028454 seconds .

========================================================================
Received Import Request.
  Time since last request: 0.000147 seconds.
  path: Assets/Karting/ModularTrackKit/Models/ModularTrackCantMediumLeft.fbx
  artifactKey: Guid(193fbff110f9a4b5ea39398504a85034) Importer(815301076,1909f56bfc062723c751e8b465ee728b)
Start importing Assets/Karting/ModularTrackKit/Models/ModularTrackCantMediumLeft.fbx using Guid(193fbff110f9a4b5ea39398504a85034) Importer(815301076,1909f56bfc062723c751e8b465ee728b)  -> (artifact id: '3596765fd107af0b0399867c81bfa862') in 0.033327 seconds 
  Import took 0.037657 seconds .

========================================================================
Received Import Request.
  Time since last request: 0.000180 seconds.
  path: Assets/Karting/ModularTrackKit/Models/ModularTrackCantSmallLeft.fbx
  artifactKey: Guid(4bf1a364dc54642f9a8a2d20c3cae318) Importer(815301076,1909f56bfc062723c751e8b465ee728b)
Start importing Assets/Karting/ModularTrackKit/Models/ModularTrackCantSmallLeft.fbx using Guid(4bf1a364dc54642f9a8a2d20c3cae318) Importer(815301076,1909f56bfc062723c751e8b465ee728b)  -> (artifact id: '945d8689536034cb6a6b06e9bf31af27') in 0.026604 seconds 
  Import took 0.030806 seconds .

========================================================================
Received Import Request.
  Time since last request: 0.000196 seconds.
  path: Assets/Karting/ModularTrackKit/Prefabs/ModularTrackCantMediumLeft.prefab
  artifactKey: Guid(ea87863efa0b941408cdd4b102308f4c) Importer(815301076,1909f56bfc062723c751e8b465ee728b)
Start importing Assets/Karting/ModularTrackKit/Prefabs/ModularTrackCantMediumLeft.prefab using Guid(ea87863efa0b941408cdd4b102308f4c) Importer(815301076,1909f56bfc062723c751e8b465ee728b)  -> (artifact id: 'b4a6e4908d5f15807ba5ba702d00c744') in 0.011098 seconds 
  Import took 0.015669 seconds .

========================================================================
Received Import Request.
  Time since last request: 0.000235 seconds.
  path: Assets/Karting/Audio/UI/Notification_Chime.wav
  artifactKey: Guid(179db782f1044bc48b9dff5d487c4bef) Importer(815301076,1909f56bfc062723c751e8b465ee728b)
Start importing Assets/Karting/Audio/UI/Notification_Chime.wav using Guid(179db782f1044bc48b9dff5d487c4bef) Importer(815301076,1909f56bfc062723c751e8b465ee728b)  -> (artifact id: 'd495a275b1acd86f1830ef6c1587d518') in 0.016631 seconds 
  Import took 0.021165 seconds .

========================================================================
Received Import Request.
  Time since last request: 0.000263 seconds.
  path: Assets/Karting/ModularTrackKit/Prefabs/ModularTrackCantSmallLeft.prefab
  artifactKey: Guid(bed96e97bcaad4383aa9baa8c101f0bf) Importer(815301076,1909f56bfc062723c751e8b465ee728b)
Start importing Assets/Karting/ModularTrackKit/Prefabs/ModularTrackCantSmallLeft.prefab using Guid(bed96e97bcaad4383aa9baa8c101f0bf) Importer(815301076,1909f56bfc062723c751e8b465ee728b)  -> (artifact id: '39f7bf5664d13c21ffe7c8d9ceb9e3d2') in 0.011395 seconds 
  Import took 0.015779 seconds .

========================================================================
Received Import Request.
  Time since last request: 0.000133 seconds.
  path: Assets/Karting/ModularTrackKit/Models/ModularTrackCantMediumRight.fbx
  artifactKey: Guid(da23b199c8ab5479e812925e733aaf8f) Importer(815301076,1909f56bfc062723c751e8b465ee728b)
Start importing Assets/Karting/ModularTrackKit/Models/ModularTrackCantMediumRight.fbx using Guid(da23b199c8ab5479e812925e733aaf8f) Importer(815301076,1909f56bfc062723c751e8b465ee728b)  -> (artifact id: '67aa99ad544c0323a5b8f4bbdfea5bd8') in 0.025607 seconds 
  Import took 0.029998 seconds .

========================================================================
Received Import Request.
  Time since last request: 0.000136 seconds.
  path: Assets/Karting/ModularTrackKit/Models/ModularTrackCantSmallRight.fbx
  artifactKey: Guid(52f3b50c1579446dfa7dac35f5ac2e0a) Importer(815301076,1909f56bfc062723c751e8b465ee728b)
Start importing Assets/Karting/ModularTrackKit/Models/ModularTrackCantSmallRight.fbx using Guid(52f3b50c1579446dfa7dac35f5ac2e0a) Importer(815301076,1909f56bfc062723c751e8b465ee728b)  -> (artifact id: '5bf4fadfc3bac32337cd4be5b2f18982') in 0.020812 seconds 
  Import took 0.025073 seconds .

========================================================================
Received Import Request.
  Time since last request: 0.000170 seconds.
  path: Assets/Karting/ModularTrackKit/Prefabs/ModularTrackCantMediumRight.prefab
  artifactKey: Guid(877fc6ef080ba4ecd8a8651303bb0d66) Importer(815301076,1909f56bfc062723c751e8b465ee728b)
Start importing Assets/Karting/ModularTrackKit/Prefabs/ModularTrackCantMediumRight.prefab using Guid(877fc6ef080ba4ecd8a8651303bb0d66) Importer(815301076,1909f56bfc062723c751e8b465ee728b)  -> (artifact id: 'fe881a747e79812bd9fa79c92be6e640') in 0.010623 seconds 
  Import took 0.014568 seconds .

========================================================================
Received Import Request.
  Time since last request: 2.724230 seconds.
  path: Assets/Karting/Prefabs/Cameras
  artifactKey: Guid(6556b0e83ac4a3548a54d5ffdd5a8193) Importer(815301076,1909f56bfc062723c751e8b465ee728b)
Start importing Assets/Karting/Prefabs/Cameras using Guid(6556b0e83ac4a3548a54d5ffdd5a8193) Importer(815301076,1909f56bfc062723c751e8b465ee728b)  -> (artifact id: 'a9e5181a4cae6d146738ba5070793a2d') in 0.005978 seconds 
  Import took 0.010504 seconds .

========================================================================
Received Import Request.
  Time since last request: 354.966576 seconds.
  path: Packages/com.unity.probuilder/Content/Icons/UVEditor/camera-64x64.png
  artifactKey: Guid(a9c8b9fa8aeda4bbea8fcb43e32cc958) Importer(815301076,1909f56bfc062723c751e8b465ee728b)
Start importing Packages/com.unity.probuilder/Content/Icons/UVEditor/camera-64x64.png using Guid(a9c8b9fa8aeda4bbea8fcb43e32cc958) Importer(815301076,1909f56bfc062723c751e8b465ee728b)  -> (artifact id: 'a26153c4ecc425b192992910d4915239') in 0.026047 seconds 
  Import took 0.030780 seconds .

========================================================================
Received Import Request.
  Time since last request: 0.000177 seconds.
  path: Packages/com.unity.probuilder/Content/Icons/UVEditor/camera-64x64_Light.png
  artifactKey: Guid(130a7195195104054a5f86c361605953) Importer(815301076,1909f56bfc062723c751e8b465ee728b)
Start importing Packages/com.unity.probuilder/Content/Icons/UVEditor/camera-64x64_Light.png using Guid(130a7195195104054a5f86c361605953) Importer(815301076,1909f56bfc062723c751e8b465ee728b)  -> (artifact id: '85c076e9ac79d14e3f7d1ec9a9d88d87') in 0.015862 seconds 
  Import took 0.019600 seconds .

========================================================================
Received Import Request.
  Time since last request: 7.367450 seconds.
  path: Assets/Mod Assets/ModResources/SpeedArrow.fbx
  artifactKey: Guid(304e2fac27c3c42fc9b584187f281fcb) Importer(815301076,1909f56bfc062723c751e8b465ee728b)
Start importing Assets/Mod Assets/ModResources/SpeedArrow.fbx using Guid(304e2fac27c3c42fc9b584187f281fcb) Importer(815301076,1909f56bfc062723c751e8b465ee728b)  -> (artifact id: '0755f03d57afacfefebe6b91808214e7') in 0.022514 seconds 
  Import took 0.026798 seconds .

========================================================================
Received Import Request.
  Time since last request: 0.000188 seconds.
  path: Assets/Mod Assets/Kart/SpeedPad.prefab
  artifactKey: Guid(ca718117a11f745b292c7dba21f42c00) Importer(815301076,1909f56bfc062723c751e8b465ee728b)
Start importing Assets/Mod Assets/Kart/SpeedPad.prefab using Guid(ca718117a11f745b292c7dba21f42c00) Importer(815301076,1909f56bfc062723c751e8b465ee728b)  -> (artifact id: 'a409aa5c6fc4c34011fdeba7aa5ed750') in 0.016174 seconds 
  Import took 0.020019 seconds .

========================================================================
Received Import Request.
  Time since last request: 141.165951 seconds.
  path: Packages/com.unity.collab-proxy/Editor/PlasticSCM/Assets/Images/d_stevejobsbuho.png
  artifactKey: Guid(e92527f6d0fe45342ab542b47346d45f) Importer(815301076,1909f56bfc062723c751e8b465ee728b)
Start importing Packages/com.unity.collab-proxy/Editor/PlasticSCM/Assets/Images/d_stevejobsbuho.png using Guid(e92527f6d0fe45342ab542b47346d45f) Importer(815301076,1909f56bfc062723c751e8b465ee728b)  -> (artifact id: '3a088f6c34f837517de08887f970366c') in 0.029582 seconds 
  Import took 0.033656 seconds .

========================================================================
Received Import Request.
  Time since last request: 0.000298 seconds.
  path: Packages/com.unity.collab-proxy/Editor/PlasticSCM/Assets/Images/d_stevejobsbuhoshechristmas.png
  artifactKey: Guid(f008857e434b98b4eaabda1fd6af3059) Importer(815301076,1909f56bfc062723c751e8b465ee728b)
Start importing Packages/com.unity.collab-proxy/Editor/PlasticSCM/Assets/Images/d_stevejobsbuhoshechristmas.png using Guid(f008857e434b98b4eaabda1fd6af3059) Importer(815301076,1909f56bfc062723c751e8b465ee728b)  -> (artifact id: 'e7ac525ecb91ec952aa245906295ea21') in 0.018992 seconds 
  Import took 0.023056 seconds .

========================================================================
Received Import Request.
  Time since last request: 0.000176 seconds.
  path: Packages/com.unity.collab-proxy/Editor/PlasticSCM/Assets/Images/d_stevejobsbuhochristmas.png
  artifactKey: Guid(08c91a7677e66844281a99aaf6ea36f1) Importer(815301076,1909f56bfc062723c751e8b465ee728b)
Start importing Packages/com.unity.collab-proxy/Editor/PlasticSCM/Assets/Images/d_stevejobsbuhochristmas.png using Guid(08c91a7677e66844281a99aaf6ea36f1) Importer(815301076,1909f56bfc062723c751e8b465ee728b)  -> (artifact id: '71c7d1fef9935c21f0fb7b3b86328d0c') in 0.020080 seconds 
  Import took 0.024314 seconds .

========================================================================
Received Import Request.
  Time since last request: 0.000210 seconds.
  path: Packages/com.unity.collab-proxy/Editor/PlasticSCM/Assets/Images/d_stevejobsbuhoshe.png
  artifactKey: Guid(56e456ab0f7f79a4dbabcc9079c49a94) Importer(815301076,1909f56bfc062723c751e8b465ee728b)
Start importing Packages/com.unity.collab-proxy/Editor/PlasticSCM/Assets/Images/d_stevejobsbuhoshe.png using Guid(56e456ab0f7f79a4dbabcc9079c49a94) Importer(815301076,1909f56bfc062723c751e8b465ee728b)  -> (artifact id: 'ebe27d6512175500166668af22aa7358') in 0.020327 seconds 
  Import took 0.024339 seconds .

========================================================================
Received Import Request.
  Time since last request: 0.000165 seconds.
  path: Packages/com.unity.collab-proxy/Editor/PlasticSCM/Assets/Images/d_stevejobsbuhochristmas.png
  artifactKey: Guid(08c91a7677e66844281a99aaf6ea36f1) Importer(815301076,1909f56bfc062723c751e8b465ee728b)
Start importing Packages/com.unity.collab-proxy/Editor/PlasticSCM/Assets/Images/d_stevejobsbuhochristmas.png using Guid(08c91a7677e66844281a99aaf6ea36f1) Importer(815301076,1909f56bfc062723c751e8b465ee728b)  -> (artifact id: '71c7d1fef9935c21f0fb7b3b86328d0c') in 0.012173 seconds 
  Import took 0.016247 seconds .

========================================================================
Received Prepare
Registering precompiled user dll's ...
Registered in 0.089461 seconds.
Begin MonoManager ReloadAssembly
Native extension for WindowsStandalone target not found
Native extension for WebGL target not found
Refreshing native plugins compatible for Editor in 0.58 ms, found 3 plugins.
Preloading 0 native plugins for Editor in 0.00 ms.
Mono: successfully reloaded assembly
- Completed reload, in  0.983 seconds
Platform modules already initialized, skipping
Refreshing native plugins compatible for Editor in 0.54 ms, found 3 plugins.
Preloading 0 native plugins for Editor in 0.00 ms.
Unloading 2690 Unused Serialized files (Serialized files now loaded: 0)
System memory in use before: 124.2 MB.
System memory in use after: 124.4 MB.

Unloading 30 unused Assets to reduce memory usage. Loaded Objects now: 3241.
Total: 2.914100 ms (FindLiveObjects: 0.222500 ms CreateObjectMapping: 0.103200 ms MarkObjects: 2.474300 ms  DeleteObjects: 0.113400 ms)

AssetImportParameters requested are different than current active one (requested -> active):
  custom:framework-win-MediaFoundation: 216162199b28c13a410421893ffa2e32 -> 
  custom:video-decoder-ogg-theora: a1e56fd34408186e4bbccfd4996cb3dc -> 
  custom:container-muxer-webm: aa71ff27fc2769a1b78a27578f13a17b -> 
  custom:container-demuxer-webm: 4f35f7cbe854078d1ac9338744f61a02 -> 
  custom:container-demuxer-ogg: 62fdf1f143b41e24485cea50d1cbac27 -> 
  custom:video-encoder-webm-vp8: eb34c28f22e8b96e1ab97ce403110664 -> 
  custom:video-decoder-webm-vp8: 9c59270c3fd7afecdb556c50c9e8de78 -> 
  custom:audio-decoder-ogg-vorbis: bf7c407c2cedff20999df2af8eb42d56 -> 
  custom:audio-encoder-webm-vorbis: bf7c407c2cedff20999df2af8eb42d56 -> 
AssetImportWorkerClient::OnTransportError - code=2 error=End of file
